Release 14.7 - xst P.20131013 (nt64)
Copyright (c) 1995-2013 Xilinx, Inc.  All rights reserved.
--> Parameter TMPDIR set to xst/projnav.tmp


Total REAL time to Xst completion: 2.00 secs
Total CPU time to Xst completion: 1.71 secs
 
--> Parameter xsthdpdir set to xst


Total REAL time to Xst completion: 2.00 secs
Total CPU time to Xst completion: 1.71 secs
 
--> Reading design: crc.prj

TABLE OF CONTENTS
  1) Synthesis Options Summary
  2) HDL Parsing
  3) HDL Elaboration
  4) HDL Synthesis
       4.1) HDL Synthesis Report
  5) Advanced HDL Synthesis
       5.1) Advanced HDL Synthesis Report
  6) Low Level Synthesis
  7) Partition Report
  8) Design Summary
       8.1) Primitive and Black Box Usage
       8.2) Device utilization summary
       8.3) Partition Resource Summary
       8.4) Timing Report
            8.4.1) Clock Information
            8.4.2) Asynchronous Control Signals Information
            8.4.3) Timing Summary
            8.4.4) Timing Details
            8.4.5) Cross Clock Domains Report


=========================================================================
*                      Synthesis Options Summary                        *
=========================================================================
---- Source Parameters
Input File Name                    : "crc.prj"
Ignore Synthesis Constraint File   : NO

---- Target Parameters
Output File Name                   : "crc"
Output Format                      : NGC
Target Device                      : xc6slx4-3-tqg144

---- Source Options
Top Module Name                    : crc
Automatic FSM Extraction           : YES
FSM Encoding Algorithm             : Auto
Safe Implementation                : No
FSM Style                          : LUT
RAM Extraction                     : Yes
RAM Style                          : Auto
ROM Extraction                     : Yes
Shift Register Extraction          : YES
ROM Style                          : Auto
Resource Sharing                   : YES
Asynchronous To Synchronous        : NO
Shift Register Minimum Size        : 2
Use DSP Block                      : Auto
Automatic Register Balancing       : No

---- Target Options
LUT Combining                      : Auto
Reduce Control Sets                : Auto
Add IO Buffers                     : YES
Global Maximum Fanout              : 100000
Add Generic Clock Buffer(BUFG)     : 16
Register Duplication               : YES
Optimize Instantiated Primitives   : NO
Use Clock Enable                   : Auto
Use Synchronous Set                : Auto
Use Synchronous Reset              : Auto
Pack IO Registers into IOBs        : Auto
Equivalent register Removal        : YES

---- General Options
Optimization Goal                  : Speed
Optimization Effort                : 1
Power Reduction                    : NO
Keep Hierarchy                     : No
Netlist Hierarchy                  : As_Optimized
RTL Output                         : Yes
Global Optimization                : AllClockNets
Read Cores                         : YES
Write Timing Constraints           : NO
Cross Clock Analysis               : NO
Hierarchy Separator                : /
Bus Delimiter                      : <>
Case Specifier                     : Maintain
Slice Utilization Ratio            : 100
BRAM Utilization Ratio             : 100
DSP48 Utilization Ratio            : 100
Auto BRAM Packing                  : NO
Slice Utilization Ratio Delta      : 5

=========================================================================


=========================================================================
*                          HDL Parsing                                  *
=========================================================================
Analyzing Verilog file "E:\university\3991\fpga\homeworks\CRC\crc.v" into library work
Parsing module <crc>.

=========================================================================
*                            HDL Elaboration                            *
=========================================================================

Elaborating module <crc>.
WARNING:HDLCompiler:413 - "E:\university\3991\fpga\homeworks\CRC\crc.v" Line 60: Result of 4-bit expression is truncated to fit in 3-bit target.

=========================================================================
*                           HDL Synthesis                               *
=========================================================================

Synthesizing Unit <crc>.
    Related source file is "E:\university\3991\fpga\homeworks\CRC\crc.v".
    Found 1-bit register for signal <s2>.
    Found 1-bit register for signal <s3>.
    Found 1-bit register for signal <s4>.
    Found 1-bit register for signal <s5>.
    Found 5-bit register for signal <crc>.
    Found 3-bit register for signal <counter>.
    Found 1-bit register for signal <s1>.
    Found 3-bit adder for signal <counter[2]_GND_1_o_add_4_OUT> created at line 60.
    Found 1-bit 4-to-1 multiplexer for signal <counter[1]_data_in[3]_Mux_0_o> created at line 46.
    Summary:
	inferred   1 Adder/Subtractor(s).
	inferred  13 D-type flip-flop(s).
	inferred   1 Multiplexer(s).
Unit <crc> synthesized.

=========================================================================
HDL Synthesis Report

Macro Statistics
# Adders/Subtractors                                   : 1
 3-bit adder                                           : 1
# Registers                                            : 3
 3-bit register                                        : 1
 5-bit register                                        : 2
# Multiplexers                                         : 1
 1-bit 4-to-1 multiplexer                              : 1
# Xors                                                 : 2
 1-bit xor2                                            : 2

=========================================================================

=========================================================================
*                       Advanced HDL Synthesis                          *
=========================================================================


Synthesizing (advanced) Unit <crc>.
The following registers are absorbed into counter <counter>: 1 register on signal <counter>.
Unit <crc> synthesized (advanced).

=========================================================================
Advanced HDL Synthesis Report

Macro Statistics
# Counters                                             : 1
 3-bit up counter                                      : 1
# Registers                                            : 10
 Flip-Flops                                            : 10
# Multiplexers                                         : 1
 1-bit 4-to-1 multiplexer                              : 1
# Xors                                                 : 2
 1-bit xor2                                            : 2

=========================================================================

=========================================================================
*                         Low Level Synthesis                           *
=========================================================================
INFO:Xst:2261 - The FF/Latch <s2> in Unit <crc> is equivalent to the following FF/Latch, which will be removed : <crc_4> 
INFO:Xst:2261 - The FF/Latch <s4> in Unit <crc> is equivalent to the following FF/Latch, which will be removed : <crc_2> 
INFO:Xst:2261 - The FF/Latch <s5> in Unit <crc> is equivalent to the following FF/Latch, which will be removed : <crc_1> 

Optimizing unit <crc> ...

Mapping all equations...
Building and optimizing final netlist ...
Found area constraint ratio of 100 (+ 5) on block crc, actual ratio is 0.

Final Macro Processing ...

=========================================================================
Final Register Report

Macro Statistics
# Registers                                            : 10
 Flip-Flops                                            : 10

=========================================================================

=========================================================================
*                           Partition Report                            *
=========================================================================

Partition Implementation Status
-------------------------------

  No Partitions were found in this design.

-------------------------------

=========================================================================
*                            Design Summary                             *
=========================================================================

Top Level Output File Name         : crc.ngc

Primitive and Black Box Usage:
------------------------------
# BELS                             : 7
#      INV                         : 1
#      LUT2                        : 2
#      LUT3                        : 2
#      LUT4                        : 1
#      LUT6                        : 1
# FlipFlops/Latches                : 10
#      FDRE                        : 10
# Clock Buffers                    : 1
#      BUFGP                       : 1
# IO Buffers                       : 10
#      IBUF                        : 5
#      OBUF                        : 5

Device utilization summary:
---------------------------

Selected Device : 6slx4tqg144-3 


Slice Logic Utilization: 
 Number of Slice Registers:              10  out of   4800     0%  
 Number of Slice LUTs:                    7  out of   2400     0%  
    Number used as Logic:                 7  out of   2400     0%  

Slice Logic Distribution: 
 Number of LUT Flip Flop pairs used:     12
   Number with an unused Flip Flop:       2  out of     12    16%  
   Number with an unused LUT:             5  out of     12    41%  
   Number of fully used LUT-FF pairs:     5  out of     12    41%  
   Number of unique control sets:         1

IO Utilization: 
 Number of IOs:                          11
 Number of bonded IOBs:                  11  out of    102    10%  

Specific Feature Utilization:
 Number of BUFG/BUFGCTRLs:                1  out of     16     6%  

---------------------------
Partition Resource Summary:
---------------------------

  No Partitions were found in this design.

---------------------------


=========================================================================
Timing Report

NOTE: THESE TIMING NUMBERS ARE ONLY A SYNTHESIS ESTIMATE.
      FOR ACCURATE TIMING INFORMATION PLEASE REFER TO THE TRACE REPORT
      GENERATED AFTER PLACE-and-ROUTE.

Clock Information:
------------------
-----------------------------------+------------------------+-------+
Clock Signal                       | Clock buffer(FF name)  | Load  |
-----------------------------------+------------------------+-------+
clk                                | BUFGP                  | 10    |
-----------------------------------+------------------------+-------+

Asynchronous Control Signals Information:
----------------------------------------
No asynchronous control signals found in this design

Timing Summary:
---------------
Speed Grade: -3

   Minimum period: 2.675ns (Maximum Frequency: 373.804MHz)
   Minimum input arrival time before clock: 3.733ns
   Maximum output required time after clock: 3.701ns
   Maximum combinational path delay: No path found

Timing Details:
---------------
All values displayed in nanoseconds (ns)

=========================================================================
Timing constraint: Default period analysis for Clock 'clk'
  Clock period: 2.675ns (frequency: 373.804MHz)
  Total number of paths / destination ports: 48 / 20
-------------------------------------------------------------------------
Delay:               2.675ns (Levels of Logic = 1)
  Source:            counter_2 (FF)
  Destination:       s5 (FF)
  Source Clock:      clk rising
  Destination Clock: clk rising

  Data Path: counter_2 to s5
                                Gate     Net
    Cell:in->out      fanout   Delay   Delay  Logical Name (Net Name)
    ----------------------------------------  ------------
     FDRE:C->Q             2   0.447   0.845  counter_2 (counter_2)
     LUT4:I1->O           10   0.205   0.856  GND_1_o_GND_1_o_AND_1_o1 (GND_1_o_GND_1_o_AND_1_o)
     FDRE:CE                   0.322          s5
    ----------------------------------------
    Total                      2.675ns (0.974ns logic, 1.701ns route)
                                       (36.4% logic, 63.6% route)

=========================================================================
Timing constraint: Default OFFSET IN BEFORE for Clock 'clk'
  Total number of paths / destination ports: 28 / 22
-------------------------------------------------------------------------
Offset:              3.733ns (Levels of Logic = 2)
  Source:            reset (PAD)
  Destination:       s5 (FF)
  Destination Clock: clk rising

  Data Path: reset to s5
                                Gate     Net
    Cell:in->out      fanout   Delay   Delay  Logical Name (Net Name)
    ----------------------------------------  ------------
     IBUF:I->O            11   1.222   1.130  reset_IBUF (reset_IBUF)
     LUT4:I0->O           10   0.203   0.856  GND_1_o_GND_1_o_AND_1_o1 (GND_1_o_GND_1_o_AND_1_o)
     FDRE:CE                   0.322          s5
    ----------------------------------------
    Total                      3.733ns (1.747ns logic, 1.986ns route)
                                       (46.8% logic, 53.2% route)

=========================================================================
Timing constraint: Default OFFSET OUT AFTER for Clock 'clk'
  Total number of paths / destination ports: 5 / 5
-------------------------------------------------------------------------
Offset:              3.701ns (Levels of Logic = 1)
  Source:            s5 (FF)
  Destination:       crc<1> (PAD)
  Source Clock:      clk rising

  Data Path: s5 to crc<1>
                                Gate     Net
    Cell:in->out      fanout   Delay   Delay  Logical Name (Net Name)
    ----------------------------------------  ------------
     FDRE:C->Q             4   0.447   0.683  s5 (s5)
     OBUF:I->O                 2.571          crc_1_OBUF (crc<1>)
    ----------------------------------------
    Total                      3.701ns (3.018ns logic, 0.683ns route)
                                       (81.6% logic, 18.4% route)

=========================================================================

Cross Clock Domains Report:
--------------------------

Clock to Setup on destination clock clk
---------------+---------+---------+---------+---------+
               | Src:Rise| Src:Fall| Src:Rise| Src:Fall|
Source Clock   |Dest:Rise|Dest:Rise|Dest:Fall|Dest:Fall|
---------------+---------+---------+---------+---------+
clk            |    2.675|         |         |         |
---------------+---------+---------+---------+---------+

=========================================================================


Total REAL time to Xst completion: 10.00 secs
Total CPU time to Xst completion: 9.73 secs
 
--> 

Total memory usage is 4494080 kilobytes

Number of errors   :    0 (   0 filtered)
Number of warnings :    1 (   0 filtered)
Number of infos    :    3 (   0 filtered)

